[2025-04-17T02:06:02.803+0000] {processor.py:161} INFO - Started process (PID=194) to work on /opt/airflow/dags/mydag.py
[2025-04-17T02:06:02.806+0000] {processor.py:830} INFO - Processing file /opt/airflow/dags/mydag.py for tasks to queue
[2025-04-17T02:06:02.808+0000] {logging_mixin.py:188} INFO - [2025-04-17T02:06:02.808+0000] {dagbag.py:545} INFO - Filling up the DagBag from /opt/airflow/dags/mydag.py
[2025-04-17T02:06:08.458+0000] {processor.py:840} INFO - DAG(s) 'my_dag' retrieved from /opt/airflow/dags/mydag.py
[2025-04-17T02:06:08.510+0000] {logging_mixin.py:188} INFO - [2025-04-17T02:06:08.510+0000] {dag.py:3096} INFO - Sync 1 DAGs
[2025-04-17T02:06:08.528+0000] {logging_mixin.py:188} INFO - [2025-04-17T02:06:08.527+0000] {dag.py:3954} INFO - Setting next_dagrun for my_dag to None, run_after=None
[2025-04-17T02:06:08.546+0000] {processor.py:183} INFO - Processing /opt/airflow/dags/mydag.py took 5.767 seconds
[2025-04-17T02:06:38.909+0000] {processor.py:161} INFO - Started process (PID=227) to work on /opt/airflow/dags/mydag.py
[2025-04-17T02:06:38.910+0000] {processor.py:830} INFO - Processing file /opt/airflow/dags/mydag.py for tasks to queue
[2025-04-17T02:06:38.912+0000] {logging_mixin.py:188} INFO - [2025-04-17T02:06:38.911+0000] {dagbag.py:545} INFO - Filling up the DagBag from /opt/airflow/dags/mydag.py
[2025-04-17T02:06:39.587+0000] {processor.py:840} INFO - DAG(s) 'my_dag' retrieved from /opt/airflow/dags/mydag.py
[2025-04-17T02:06:40.288+0000] {logging_mixin.py:188} INFO - [2025-04-17T02:06:40.287+0000] {dag.py:3096} INFO - Sync 1 DAGs
[2025-04-17T02:06:40.304+0000] {logging_mixin.py:188} INFO - [2025-04-17T02:06:40.303+0000] {dag.py:3954} INFO - Setting next_dagrun for my_dag to None, run_after=None
[2025-04-17T02:06:40.326+0000] {processor.py:183} INFO - Processing /opt/airflow/dags/mydag.py took 1.424 seconds
[2025-04-17T02:07:10.580+0000] {processor.py:161} INFO - Started process (PID=248) to work on /opt/airflow/dags/mydag.py
[2025-04-17T02:07:10.582+0000] {processor.py:830} INFO - Processing file /opt/airflow/dags/mydag.py for tasks to queue
[2025-04-17T02:07:10.586+0000] {logging_mixin.py:188} INFO - [2025-04-17T02:07:10.586+0000] {dagbag.py:545} INFO - Filling up the DagBag from /opt/airflow/dags/mydag.py
[2025-04-17T02:07:11.270+0000] {processor.py:840} INFO - DAG(s) 'my_dag' retrieved from /opt/airflow/dags/mydag.py
[2025-04-17T02:07:11.288+0000] {logging_mixin.py:188} INFO - [2025-04-17T02:07:11.288+0000] {dag.py:3096} INFO - Sync 1 DAGs
[2025-04-17T02:07:11.304+0000] {logging_mixin.py:188} INFO - [2025-04-17T02:07:11.304+0000] {dag.py:3954} INFO - Setting next_dagrun for my_dag to None, run_after=None
[2025-04-17T02:07:11.326+0000] {processor.py:183} INFO - Processing /opt/airflow/dags/mydag.py took 0.755 seconds
[2025-04-17T02:07:42.129+0000] {processor.py:161} INFO - Started process (PID=269) to work on /opt/airflow/dags/mydag.py
[2025-04-17T02:07:42.130+0000] {processor.py:830} INFO - Processing file /opt/airflow/dags/mydag.py for tasks to queue
[2025-04-17T02:07:42.131+0000] {logging_mixin.py:188} INFO - [2025-04-17T02:07:42.131+0000] {dagbag.py:545} INFO - Filling up the DagBag from /opt/airflow/dags/mydag.py
[2025-04-17T02:07:42.790+0000] {processor.py:840} INFO - DAG(s) 'my_dag' retrieved from /opt/airflow/dags/mydag.py
[2025-04-17T02:07:42.805+0000] {logging_mixin.py:188} INFO - [2025-04-17T02:07:42.805+0000] {dag.py:3096} INFO - Sync 1 DAGs
[2025-04-17T02:07:42.812+0000] {logging_mixin.py:188} INFO - [2025-04-17T02:07:42.812+0000] {dag.py:3954} INFO - Setting next_dagrun for my_dag to None, run_after=None
[2025-04-17T02:07:42.825+0000] {processor.py:183} INFO - Processing /opt/airflow/dags/mydag.py took 0.701 seconds
[2025-04-17T02:08:13.679+0000] {processor.py:161} INFO - Started process (PID=290) to work on /opt/airflow/dags/mydag.py
[2025-04-17T02:08:13.681+0000] {processor.py:830} INFO - Processing file /opt/airflow/dags/mydag.py for tasks to queue
[2025-04-17T02:08:13.683+0000] {logging_mixin.py:188} INFO - [2025-04-17T02:08:13.683+0000] {dagbag.py:545} INFO - Filling up the DagBag from /opt/airflow/dags/mydag.py
[2025-04-17T02:08:14.257+0000] {processor.py:840} INFO - DAG(s) 'my_dag' retrieved from /opt/airflow/dags/mydag.py
[2025-04-17T02:08:14.281+0000] {logging_mixin.py:188} INFO - [2025-04-17T02:08:14.281+0000] {dag.py:3096} INFO - Sync 1 DAGs
[2025-04-17T02:08:14.296+0000] {logging_mixin.py:188} INFO - [2025-04-17T02:08:14.296+0000] {dag.py:3954} INFO - Setting next_dagrun for my_dag to None, run_after=None
[2025-04-17T02:08:14.313+0000] {processor.py:183} INFO - Processing /opt/airflow/dags/mydag.py took 0.644 seconds
[2025-04-17T02:08:45.134+0000] {processor.py:161} INFO - Started process (PID=311) to work on /opt/airflow/dags/mydag.py
[2025-04-17T02:08:45.135+0000] {processor.py:830} INFO - Processing file /opt/airflow/dags/mydag.py for tasks to queue
[2025-04-17T02:08:45.136+0000] {logging_mixin.py:188} INFO - [2025-04-17T02:08:45.136+0000] {dagbag.py:545} INFO - Filling up the DagBag from /opt/airflow/dags/mydag.py
[2025-04-17T02:08:45.527+0000] {processor.py:840} INFO - DAG(s) 'my_dag' retrieved from /opt/airflow/dags/mydag.py
[2025-04-17T02:08:45.542+0000] {logging_mixin.py:188} INFO - [2025-04-17T02:08:45.542+0000] {dag.py:3096} INFO - Sync 1 DAGs
[2025-04-17T02:08:45.550+0000] {logging_mixin.py:188} INFO - [2025-04-17T02:08:45.550+0000] {dag.py:3954} INFO - Setting next_dagrun for my_dag to None, run_after=None
[2025-04-17T02:08:45.562+0000] {processor.py:183} INFO - Processing /opt/airflow/dags/mydag.py took 0.432 seconds
[2025-04-17T02:09:15.619+0000] {processor.py:161} INFO - Started process (PID=332) to work on /opt/airflow/dags/mydag.py
[2025-04-17T02:09:15.620+0000] {processor.py:830} INFO - Processing file /opt/airflow/dags/mydag.py for tasks to queue
[2025-04-17T02:09:15.621+0000] {logging_mixin.py:188} INFO - [2025-04-17T02:09:15.621+0000] {dagbag.py:545} INFO - Filling up the DagBag from /opt/airflow/dags/mydag.py
[2025-04-17T02:09:16.022+0000] {processor.py:840} INFO - DAG(s) 'my_dag' retrieved from /opt/airflow/dags/mydag.py
[2025-04-17T02:09:16.038+0000] {logging_mixin.py:188} INFO - [2025-04-17T02:09:16.038+0000] {dag.py:3096} INFO - Sync 1 DAGs
[2025-04-17T02:09:16.046+0000] {logging_mixin.py:188} INFO - [2025-04-17T02:09:16.045+0000] {dag.py:3954} INFO - Setting next_dagrun for my_dag to None, run_after=None
[2025-04-17T02:09:16.057+0000] {processor.py:183} INFO - Processing /opt/airflow/dags/mydag.py took 0.443 seconds
[2025-04-17T02:09:46.836+0000] {processor.py:161} INFO - Started process (PID=353) to work on /opt/airflow/dags/mydag.py
[2025-04-17T02:09:46.837+0000] {processor.py:830} INFO - Processing file /opt/airflow/dags/mydag.py for tasks to queue
[2025-04-17T02:09:46.839+0000] {logging_mixin.py:188} INFO - [2025-04-17T02:09:46.838+0000] {dagbag.py:545} INFO - Filling up the DagBag from /opt/airflow/dags/mydag.py
[2025-04-17T02:09:47.272+0000] {processor.py:840} INFO - DAG(s) 'my_dag' retrieved from /opt/airflow/dags/mydag.py
[2025-04-17T02:09:47.298+0000] {logging_mixin.py:188} INFO - [2025-04-17T02:09:47.298+0000] {dag.py:3096} INFO - Sync 1 DAGs
[2025-04-17T02:09:47.310+0000] {logging_mixin.py:188} INFO - [2025-04-17T02:09:47.310+0000] {dag.py:3954} INFO - Setting next_dagrun for my_dag to None, run_after=None
[2025-04-17T02:09:47.343+0000] {processor.py:183} INFO - Processing /opt/airflow/dags/mydag.py took 0.516 seconds
[2025-04-17T02:10:18.096+0000] {processor.py:161} INFO - Started process (PID=374) to work on /opt/airflow/dags/mydag.py
[2025-04-17T02:10:18.097+0000] {processor.py:830} INFO - Processing file /opt/airflow/dags/mydag.py for tasks to queue
[2025-04-17T02:10:18.099+0000] {logging_mixin.py:188} INFO - [2025-04-17T02:10:18.098+0000] {dagbag.py:545} INFO - Filling up the DagBag from /opt/airflow/dags/mydag.py
[2025-04-17T02:10:18.523+0000] {processor.py:840} INFO - DAG(s) 'my_dag' retrieved from /opt/airflow/dags/mydag.py
[2025-04-17T02:10:18.546+0000] {logging_mixin.py:188} INFO - [2025-04-17T02:10:18.546+0000] {dag.py:3096} INFO - Sync 1 DAGs
[2025-04-17T02:10:18.554+0000] {logging_mixin.py:188} INFO - [2025-04-17T02:10:18.554+0000] {dag.py:3954} INFO - Setting next_dagrun for my_dag to None, run_after=None
[2025-04-17T02:10:18.565+0000] {processor.py:183} INFO - Processing /opt/airflow/dags/mydag.py took 0.474 seconds
[2025-04-17T02:10:49.367+0000] {processor.py:161} INFO - Started process (PID=395) to work on /opt/airflow/dags/mydag.py
[2025-04-17T02:10:49.367+0000] {processor.py:830} INFO - Processing file /opt/airflow/dags/mydag.py for tasks to queue
[2025-04-17T02:10:49.369+0000] {logging_mixin.py:188} INFO - [2025-04-17T02:10:49.369+0000] {dagbag.py:545} INFO - Filling up the DagBag from /opt/airflow/dags/mydag.py
[2025-04-17T02:10:49.762+0000] {processor.py:840} INFO - DAG(s) 'my_dag' retrieved from /opt/airflow/dags/mydag.py
[2025-04-17T02:10:49.777+0000] {logging_mixin.py:188} INFO - [2025-04-17T02:10:49.777+0000] {dag.py:3096} INFO - Sync 1 DAGs
[2025-04-17T02:10:49.784+0000] {logging_mixin.py:188} INFO - [2025-04-17T02:10:49.784+0000] {dag.py:3954} INFO - Setting next_dagrun for my_dag to None, run_after=None
[2025-04-17T02:10:49.795+0000] {processor.py:183} INFO - Processing /opt/airflow/dags/mydag.py took 0.434 seconds
[2025-04-17T02:11:20.649+0000] {processor.py:161} INFO - Started process (PID=416) to work on /opt/airflow/dags/mydag.py
[2025-04-17T02:11:20.650+0000] {processor.py:830} INFO - Processing file /opt/airflow/dags/mydag.py for tasks to queue
[2025-04-17T02:11:20.651+0000] {logging_mixin.py:188} INFO - [2025-04-17T02:11:20.651+0000] {dagbag.py:545} INFO - Filling up the DagBag from /opt/airflow/dags/mydag.py
[2025-04-17T02:11:21.072+0000] {processor.py:840} INFO - DAG(s) 'my_dag' retrieved from /opt/airflow/dags/mydag.py
[2025-04-17T02:11:21.087+0000] {logging_mixin.py:188} INFO - [2025-04-17T02:11:21.087+0000] {dag.py:3096} INFO - Sync 1 DAGs
[2025-04-17T02:11:21.099+0000] {logging_mixin.py:188} INFO - [2025-04-17T02:11:21.099+0000] {dag.py:3954} INFO - Setting next_dagrun for my_dag to None, run_after=None
[2025-04-17T02:11:21.112+0000] {processor.py:183} INFO - Processing /opt/airflow/dags/mydag.py took 0.468 seconds
[2025-04-17T02:11:51.973+0000] {processor.py:161} INFO - Started process (PID=437) to work on /opt/airflow/dags/mydag.py
[2025-04-17T02:11:51.973+0000] {processor.py:830} INFO - Processing file /opt/airflow/dags/mydag.py for tasks to queue
[2025-04-17T02:11:51.975+0000] {logging_mixin.py:188} INFO - [2025-04-17T02:11:51.975+0000] {dagbag.py:545} INFO - Filling up the DagBag from /opt/airflow/dags/mydag.py
[2025-04-17T02:11:52.367+0000] {processor.py:840} INFO - DAG(s) 'my_dag' retrieved from /opt/airflow/dags/mydag.py
[2025-04-17T02:11:52.386+0000] {logging_mixin.py:188} INFO - [2025-04-17T02:11:52.386+0000] {dag.py:3096} INFO - Sync 1 DAGs
[2025-04-17T02:11:52.396+0000] {logging_mixin.py:188} INFO - [2025-04-17T02:11:52.396+0000] {dag.py:3954} INFO - Setting next_dagrun for my_dag to None, run_after=None
[2025-04-17T02:11:52.407+0000] {processor.py:183} INFO - Processing /opt/airflow/dags/mydag.py took 0.440 seconds
[2025-04-17T02:12:23.241+0000] {processor.py:161} INFO - Started process (PID=458) to work on /opt/airflow/dags/mydag.py
[2025-04-17T02:12:23.242+0000] {processor.py:830} INFO - Processing file /opt/airflow/dags/mydag.py for tasks to queue
[2025-04-17T02:12:23.243+0000] {logging_mixin.py:188} INFO - [2025-04-17T02:12:23.243+0000] {dagbag.py:545} INFO - Filling up the DagBag from /opt/airflow/dags/mydag.py
[2025-04-17T02:12:23.650+0000] {processor.py:840} INFO - DAG(s) 'my_dag' retrieved from /opt/airflow/dags/mydag.py
[2025-04-17T02:12:23.666+0000] {logging_mixin.py:188} INFO - [2025-04-17T02:12:23.666+0000] {dag.py:3096} INFO - Sync 1 DAGs
[2025-04-17T02:12:23.674+0000] {logging_mixin.py:188} INFO - [2025-04-17T02:12:23.673+0000] {dag.py:3954} INFO - Setting next_dagrun for my_dag to None, run_after=None
[2025-04-17T02:12:23.685+0000] {processor.py:183} INFO - Processing /opt/airflow/dags/mydag.py took 0.448 seconds
[2025-04-17T02:12:54.548+0000] {processor.py:161} INFO - Started process (PID=479) to work on /opt/airflow/dags/mydag.py
[2025-04-17T02:12:54.549+0000] {processor.py:830} INFO - Processing file /opt/airflow/dags/mydag.py for tasks to queue
[2025-04-17T02:12:54.550+0000] {logging_mixin.py:188} INFO - [2025-04-17T02:12:54.550+0000] {dagbag.py:545} INFO - Filling up the DagBag from /opt/airflow/dags/mydag.py
[2025-04-17T02:12:54.967+0000] {processor.py:840} INFO - DAG(s) 'my_dag' retrieved from /opt/airflow/dags/mydag.py
[2025-04-17T02:12:54.983+0000] {logging_mixin.py:188} INFO - [2025-04-17T02:12:54.983+0000] {dag.py:3096} INFO - Sync 1 DAGs
[2025-04-17T02:12:54.990+0000] {logging_mixin.py:188} INFO - [2025-04-17T02:12:54.990+0000] {dag.py:3954} INFO - Setting next_dagrun for my_dag to None, run_after=None
[2025-04-17T02:12:55.002+0000] {processor.py:183} INFO - Processing /opt/airflow/dags/mydag.py took 0.459 seconds
[2025-04-17T02:13:25.824+0000] {processor.py:161} INFO - Started process (PID=500) to work on /opt/airflow/dags/mydag.py
[2025-04-17T02:13:25.825+0000] {processor.py:830} INFO - Processing file /opt/airflow/dags/mydag.py for tasks to queue
[2025-04-17T02:13:25.826+0000] {logging_mixin.py:188} INFO - [2025-04-17T02:13:25.826+0000] {dagbag.py:545} INFO - Filling up the DagBag from /opt/airflow/dags/mydag.py
[2025-04-17T02:13:26.282+0000] {processor.py:840} INFO - DAG(s) 'my_dag' retrieved from /opt/airflow/dags/mydag.py
[2025-04-17T02:13:26.299+0000] {logging_mixin.py:188} INFO - [2025-04-17T02:13:26.299+0000] {dag.py:3096} INFO - Sync 1 DAGs
[2025-04-17T02:13:26.308+0000] {logging_mixin.py:188} INFO - [2025-04-17T02:13:26.308+0000] {dag.py:3954} INFO - Setting next_dagrun for my_dag to None, run_after=None
[2025-04-17T02:13:26.320+0000] {processor.py:183} INFO - Processing /opt/airflow/dags/mydag.py took 0.501 seconds
[2025-04-17T02:13:57.088+0000] {processor.py:161} INFO - Started process (PID=521) to work on /opt/airflow/dags/mydag.py
[2025-04-17T02:13:57.088+0000] {processor.py:830} INFO - Processing file /opt/airflow/dags/mydag.py for tasks to queue
[2025-04-17T02:13:57.090+0000] {logging_mixin.py:188} INFO - [2025-04-17T02:13:57.090+0000] {dagbag.py:545} INFO - Filling up the DagBag from /opt/airflow/dags/mydag.py
[2025-04-17T02:13:57.473+0000] {processor.py:840} INFO - DAG(s) 'my_dag' retrieved from /opt/airflow/dags/mydag.py
[2025-04-17T02:13:57.488+0000] {logging_mixin.py:188} INFO - [2025-04-17T02:13:57.488+0000] {dag.py:3096} INFO - Sync 1 DAGs
[2025-04-17T02:13:57.496+0000] {logging_mixin.py:188} INFO - [2025-04-17T02:13:57.496+0000] {dag.py:3954} INFO - Setting next_dagrun for my_dag to None, run_after=None
[2025-04-17T02:13:57.507+0000] {processor.py:183} INFO - Processing /opt/airflow/dags/mydag.py took 0.424 seconds
[2025-04-17T02:14:28.356+0000] {processor.py:161} INFO - Started process (PID=542) to work on /opt/airflow/dags/mydag.py
[2025-04-17T02:14:28.357+0000] {processor.py:830} INFO - Processing file /opt/airflow/dags/mydag.py for tasks to queue
[2025-04-17T02:14:28.358+0000] {logging_mixin.py:188} INFO - [2025-04-17T02:14:28.358+0000] {dagbag.py:545} INFO - Filling up the DagBag from /opt/airflow/dags/mydag.py
[2025-04-17T02:14:28.764+0000] {processor.py:840} INFO - DAG(s) 'my_dag' retrieved from /opt/airflow/dags/mydag.py
[2025-04-17T02:14:28.780+0000] {logging_mixin.py:188} INFO - [2025-04-17T02:14:28.779+0000] {dag.py:3096} INFO - Sync 1 DAGs
[2025-04-17T02:14:28.787+0000] {logging_mixin.py:188} INFO - [2025-04-17T02:14:28.787+0000] {dag.py:3954} INFO - Setting next_dagrun for my_dag to None, run_after=None
[2025-04-17T02:14:28.798+0000] {processor.py:183} INFO - Processing /opt/airflow/dags/mydag.py took 0.447 seconds
[2025-04-17T02:14:59.655+0000] {processor.py:161} INFO - Started process (PID=563) to work on /opt/airflow/dags/mydag.py
[2025-04-17T02:14:59.656+0000] {processor.py:830} INFO - Processing file /opt/airflow/dags/mydag.py for tasks to queue
[2025-04-17T02:14:59.658+0000] {logging_mixin.py:188} INFO - [2025-04-17T02:14:59.657+0000] {dagbag.py:545} INFO - Filling up the DagBag from /opt/airflow/dags/mydag.py
[2025-04-17T02:15:00.053+0000] {processor.py:840} INFO - DAG(s) 'my_dag' retrieved from /opt/airflow/dags/mydag.py
[2025-04-17T02:15:00.068+0000] {logging_mixin.py:188} INFO - [2025-04-17T02:15:00.068+0000] {dag.py:3096} INFO - Sync 1 DAGs
[2025-04-17T02:15:00.077+0000] {logging_mixin.py:188} INFO - [2025-04-17T02:15:00.077+0000] {dag.py:3954} INFO - Setting next_dagrun for my_dag to None, run_after=None
[2025-04-17T02:15:00.088+0000] {processor.py:183} INFO - Processing /opt/airflow/dags/mydag.py took 0.438 seconds
[2025-04-17T02:15:30.921+0000] {processor.py:161} INFO - Started process (PID=584) to work on /opt/airflow/dags/mydag.py
[2025-04-17T02:15:30.921+0000] {processor.py:830} INFO - Processing file /opt/airflow/dags/mydag.py for tasks to queue
[2025-04-17T02:15:30.923+0000] {logging_mixin.py:188} INFO - [2025-04-17T02:15:30.923+0000] {dagbag.py:545} INFO - Filling up the DagBag from /opt/airflow/dags/mydag.py
[2025-04-17T02:15:31.318+0000] {processor.py:840} INFO - DAG(s) 'my_dag' retrieved from /opt/airflow/dags/mydag.py
[2025-04-17T02:15:31.334+0000] {logging_mixin.py:188} INFO - [2025-04-17T02:15:31.334+0000] {dag.py:3096} INFO - Sync 1 DAGs
[2025-04-17T02:15:31.342+0000] {logging_mixin.py:188} INFO - [2025-04-17T02:15:31.341+0000] {dag.py:3954} INFO - Setting next_dagrun for my_dag to None, run_after=None
[2025-04-17T02:15:31.353+0000] {processor.py:183} INFO - Processing /opt/airflow/dags/mydag.py took 0.437 seconds
[2025-04-17T02:16:02.193+0000] {processor.py:161} INFO - Started process (PID=605) to work on /opt/airflow/dags/mydag.py
[2025-04-17T02:16:02.194+0000] {processor.py:830} INFO - Processing file /opt/airflow/dags/mydag.py for tasks to queue
[2025-04-17T02:16:02.196+0000] {logging_mixin.py:188} INFO - [2025-04-17T02:16:02.196+0000] {dagbag.py:545} INFO - Filling up the DagBag from /opt/airflow/dags/mydag.py
[2025-04-17T02:16:02.776+0000] {processor.py:840} INFO - DAG(s) 'my_dag' retrieved from /opt/airflow/dags/mydag.py
[2025-04-17T02:16:02.793+0000] {logging_mixin.py:188} INFO - [2025-04-17T02:16:02.793+0000] {dag.py:3096} INFO - Sync 1 DAGs
[2025-04-17T02:16:02.802+0000] {logging_mixin.py:188} INFO - [2025-04-17T02:16:02.802+0000] {dag.py:3954} INFO - Setting next_dagrun for my_dag to None, run_after=None
[2025-04-17T02:16:02.818+0000] {processor.py:183} INFO - Processing /opt/airflow/dags/mydag.py took 0.633 seconds
[2025-04-17T02:16:33.462+0000] {processor.py:161} INFO - Started process (PID=626) to work on /opt/airflow/dags/mydag.py
[2025-04-17T02:16:33.463+0000] {processor.py:830} INFO - Processing file /opt/airflow/dags/mydag.py for tasks to queue
[2025-04-17T02:16:33.465+0000] {logging_mixin.py:188} INFO - [2025-04-17T02:16:33.464+0000] {dagbag.py:545} INFO - Filling up the DagBag from /opt/airflow/dags/mydag.py
[2025-04-17T02:16:33.867+0000] {processor.py:840} INFO - DAG(s) 'my_dag' retrieved from /opt/airflow/dags/mydag.py
[2025-04-17T02:16:33.882+0000] {logging_mixin.py:188} INFO - [2025-04-17T02:16:33.882+0000] {dag.py:3096} INFO - Sync 1 DAGs
[2025-04-17T02:16:33.890+0000] {logging_mixin.py:188} INFO - [2025-04-17T02:16:33.890+0000] {dag.py:3954} INFO - Setting next_dagrun for my_dag to None, run_after=None
[2025-04-17T02:16:33.901+0000] {processor.py:183} INFO - Processing /opt/airflow/dags/mydag.py took 0.443 seconds
[2025-04-17T02:17:04.735+0000] {processor.py:161} INFO - Started process (PID=647) to work on /opt/airflow/dags/mydag.py
[2025-04-17T02:17:04.736+0000] {processor.py:830} INFO - Processing file /opt/airflow/dags/mydag.py for tasks to queue
[2025-04-17T02:17:04.737+0000] {logging_mixin.py:188} INFO - [2025-04-17T02:17:04.737+0000] {dagbag.py:545} INFO - Filling up the DagBag from /opt/airflow/dags/mydag.py
[2025-04-17T02:17:05.170+0000] {processor.py:840} INFO - DAG(s) 'my_dag' retrieved from /opt/airflow/dags/mydag.py
[2025-04-17T02:17:05.186+0000] {logging_mixin.py:188} INFO - [2025-04-17T02:17:05.185+0000] {dag.py:3096} INFO - Sync 1 DAGs
[2025-04-17T02:17:05.193+0000] {logging_mixin.py:188} INFO - [2025-04-17T02:17:05.193+0000] {dag.py:3954} INFO - Setting next_dagrun for my_dag to None, run_after=None
[2025-04-17T02:17:05.205+0000] {processor.py:183} INFO - Processing /opt/airflow/dags/mydag.py took 0.475 seconds
[2025-04-17T02:17:36.008+0000] {processor.py:161} INFO - Started process (PID=668) to work on /opt/airflow/dags/mydag.py
[2025-04-17T02:17:36.009+0000] {processor.py:830} INFO - Processing file /opt/airflow/dags/mydag.py for tasks to queue
[2025-04-17T02:17:36.011+0000] {logging_mixin.py:188} INFO - [2025-04-17T02:17:36.010+0000] {dagbag.py:545} INFO - Filling up the DagBag from /opt/airflow/dags/mydag.py
[2025-04-17T02:17:36.424+0000] {processor.py:840} INFO - DAG(s) 'my_dag' retrieved from /opt/airflow/dags/mydag.py
[2025-04-17T02:17:36.439+0000] {logging_mixin.py:188} INFO - [2025-04-17T02:17:36.439+0000] {dag.py:3096} INFO - Sync 1 DAGs
[2025-04-17T02:17:36.446+0000] {logging_mixin.py:188} INFO - [2025-04-17T02:17:36.446+0000] {dag.py:3954} INFO - Setting next_dagrun for my_dag to None, run_after=None
[2025-04-17T02:17:36.458+0000] {processor.py:183} INFO - Processing /opt/airflow/dags/mydag.py took 0.454 seconds
[2025-04-17T02:18:07.272+0000] {processor.py:161} INFO - Started process (PID=689) to work on /opt/airflow/dags/mydag.py
[2025-04-17T02:18:07.273+0000] {processor.py:830} INFO - Processing file /opt/airflow/dags/mydag.py for tasks to queue
[2025-04-17T02:18:07.274+0000] {logging_mixin.py:188} INFO - [2025-04-17T02:18:07.274+0000] {dagbag.py:545} INFO - Filling up the DagBag from /opt/airflow/dags/mydag.py
[2025-04-17T02:18:07.745+0000] {processor.py:840} INFO - DAG(s) 'my_dag' retrieved from /opt/airflow/dags/mydag.py
[2025-04-17T02:18:07.760+0000] {logging_mixin.py:188} INFO - [2025-04-17T02:18:07.760+0000] {dag.py:3096} INFO - Sync 1 DAGs
[2025-04-17T02:18:07.769+0000] {logging_mixin.py:188} INFO - [2025-04-17T02:18:07.769+0000] {dag.py:3954} INFO - Setting next_dagrun for my_dag to None, run_after=None
[2025-04-17T02:18:07.780+0000] {processor.py:183} INFO - Processing /opt/airflow/dags/mydag.py took 0.513 seconds
[2025-04-17T02:18:38.540+0000] {processor.py:161} INFO - Started process (PID=710) to work on /opt/airflow/dags/mydag.py
[2025-04-17T02:18:38.541+0000] {processor.py:830} INFO - Processing file /opt/airflow/dags/mydag.py for tasks to queue
[2025-04-17T02:18:38.542+0000] {logging_mixin.py:188} INFO - [2025-04-17T02:18:38.542+0000] {dagbag.py:545} INFO - Filling up the DagBag from /opt/airflow/dags/mydag.py
[2025-04-17T02:18:38.981+0000] {processor.py:840} INFO - DAG(s) 'my_dag' retrieved from /opt/airflow/dags/mydag.py
[2025-04-17T02:18:38.997+0000] {logging_mixin.py:188} INFO - [2025-04-17T02:18:38.997+0000] {dag.py:3096} INFO - Sync 1 DAGs
[2025-04-17T02:18:39.005+0000] {logging_mixin.py:188} INFO - [2025-04-17T02:18:39.005+0000] {dag.py:3954} INFO - Setting next_dagrun for my_dag to None, run_after=None
[2025-04-17T02:18:39.020+0000] {processor.py:183} INFO - Processing /opt/airflow/dags/mydag.py took 0.485 seconds
[2025-04-17T02:19:09.802+0000] {processor.py:161} INFO - Started process (PID=731) to work on /opt/airflow/dags/mydag.py
[2025-04-17T02:19:09.803+0000] {processor.py:830} INFO - Processing file /opt/airflow/dags/mydag.py for tasks to queue
[2025-04-17T02:19:09.805+0000] {logging_mixin.py:188} INFO - [2025-04-17T02:19:09.805+0000] {dagbag.py:545} INFO - Filling up the DagBag from /opt/airflow/dags/mydag.py
[2025-04-17T02:19:10.264+0000] {processor.py:840} INFO - DAG(s) 'my_dag' retrieved from /opt/airflow/dags/mydag.py
[2025-04-17T02:19:10.280+0000] {logging_mixin.py:188} INFO - [2025-04-17T02:19:10.280+0000] {dag.py:3096} INFO - Sync 1 DAGs
[2025-04-17T02:19:10.288+0000] {logging_mixin.py:188} INFO - [2025-04-17T02:19:10.288+0000] {dag.py:3954} INFO - Setting next_dagrun for my_dag to None, run_after=None
[2025-04-17T02:19:10.299+0000] {processor.py:183} INFO - Processing /opt/airflow/dags/mydag.py took 0.502 seconds
[2025-04-17T02:19:41.071+0000] {processor.py:161} INFO - Started process (PID=752) to work on /opt/airflow/dags/mydag.py
[2025-04-17T02:19:41.071+0000] {processor.py:830} INFO - Processing file /opt/airflow/dags/mydag.py for tasks to queue
[2025-04-17T02:19:41.073+0000] {logging_mixin.py:188} INFO - [2025-04-17T02:19:41.072+0000] {dagbag.py:545} INFO - Filling up the DagBag from /opt/airflow/dags/mydag.py
[2025-04-17T02:19:41.462+0000] {processor.py:840} INFO - DAG(s) 'my_dag' retrieved from /opt/airflow/dags/mydag.py
[2025-04-17T02:19:41.478+0000] {logging_mixin.py:188} INFO - [2025-04-17T02:19:41.478+0000] {dag.py:3096} INFO - Sync 1 DAGs
[2025-04-17T02:19:41.485+0000] {logging_mixin.py:188} INFO - [2025-04-17T02:19:41.485+0000] {dag.py:3954} INFO - Setting next_dagrun for my_dag to None, run_after=None
[2025-04-17T02:19:41.496+0000] {processor.py:183} INFO - Processing /opt/airflow/dags/mydag.py took 0.431 seconds
[2025-04-17T02:20:12.352+0000] {processor.py:161} INFO - Started process (PID=776) to work on /opt/airflow/dags/mydag.py
[2025-04-17T02:20:12.353+0000] {processor.py:830} INFO - Processing file /opt/airflow/dags/mydag.py for tasks to queue
[2025-04-17T02:20:12.355+0000] {logging_mixin.py:188} INFO - [2025-04-17T02:20:12.355+0000] {dagbag.py:545} INFO - Filling up the DagBag from /opt/airflow/dags/mydag.py
[2025-04-17T02:20:12.889+0000] {processor.py:840} INFO - DAG(s) 'my_dag' retrieved from /opt/airflow/dags/mydag.py
[2025-04-17T02:20:12.904+0000] {logging_mixin.py:188} INFO - [2025-04-17T02:20:12.904+0000] {dag.py:3096} INFO - Sync 1 DAGs
[2025-04-17T02:20:12.912+0000] {logging_mixin.py:188} INFO - [2025-04-17T02:20:12.912+0000] {dag.py:3954} INFO - Setting next_dagrun for my_dag to None, run_after=None
[2025-04-17T02:20:12.923+0000] {processor.py:183} INFO - Processing /opt/airflow/dags/mydag.py took 0.578 seconds
[2025-04-17T02:20:42.977+0000] {processor.py:161} INFO - Started process (PID=809) to work on /opt/airflow/dags/mydag.py
[2025-04-17T02:20:42.978+0000] {processor.py:830} INFO - Processing file /opt/airflow/dags/mydag.py for tasks to queue
[2025-04-17T02:20:42.979+0000] {logging_mixin.py:188} INFO - [2025-04-17T02:20:42.979+0000] {dagbag.py:545} INFO - Filling up the DagBag from /opt/airflow/dags/mydag.py
[2025-04-17T02:20:43.393+0000] {processor.py:840} INFO - DAG(s) 'my_dag' retrieved from /opt/airflow/dags/mydag.py
[2025-04-17T02:20:43.408+0000] {logging_mixin.py:188} INFO - [2025-04-17T02:20:43.407+0000] {dag.py:3096} INFO - Sync 1 DAGs
[2025-04-17T02:20:43.416+0000] {logging_mixin.py:188} INFO - [2025-04-17T02:20:43.416+0000] {dag.py:3954} INFO - Setting next_dagrun for my_dag to None, run_after=None
[2025-04-17T02:20:43.427+0000] {processor.py:183} INFO - Processing /opt/airflow/dags/mydag.py took 0.455 seconds
[2025-04-17T02:21:14.197+0000] {processor.py:161} INFO - Started process (PID=830) to work on /opt/airflow/dags/mydag.py
[2025-04-17T02:21:14.197+0000] {processor.py:830} INFO - Processing file /opt/airflow/dags/mydag.py for tasks to queue
[2025-04-17T02:21:14.199+0000] {logging_mixin.py:188} INFO - [2025-04-17T02:21:14.199+0000] {dagbag.py:545} INFO - Filling up the DagBag from /opt/airflow/dags/mydag.py
[2025-04-17T02:21:14.614+0000] {processor.py:840} INFO - DAG(s) 'my_dag' retrieved from /opt/airflow/dags/mydag.py
[2025-04-17T02:21:14.629+0000] {logging_mixin.py:188} INFO - [2025-04-17T02:21:14.629+0000] {dag.py:3096} INFO - Sync 1 DAGs
[2025-04-17T02:21:14.638+0000] {logging_mixin.py:188} INFO - [2025-04-17T02:21:14.638+0000] {dag.py:3954} INFO - Setting next_dagrun for my_dag to None, run_after=None
[2025-04-17T02:21:14.649+0000] {processor.py:183} INFO - Processing /opt/airflow/dags/mydag.py took 0.458 seconds
[2025-04-17T02:21:45.479+0000] {processor.py:161} INFO - Started process (PID=851) to work on /opt/airflow/dags/mydag.py
[2025-04-17T02:21:45.479+0000] {processor.py:830} INFO - Processing file /opt/airflow/dags/mydag.py for tasks to queue
[2025-04-17T02:21:45.481+0000] {logging_mixin.py:188} INFO - [2025-04-17T02:21:45.481+0000] {dagbag.py:545} INFO - Filling up the DagBag from /opt/airflow/dags/mydag.py
[2025-04-17T02:21:45.882+0000] {processor.py:840} INFO - DAG(s) 'my_dag' retrieved from /opt/airflow/dags/mydag.py
[2025-04-17T02:21:45.899+0000] {logging_mixin.py:188} INFO - [2025-04-17T02:21:45.898+0000] {dag.py:3096} INFO - Sync 1 DAGs
[2025-04-17T02:21:45.906+0000] {logging_mixin.py:188} INFO - [2025-04-17T02:21:45.906+0000] {dag.py:3954} INFO - Setting next_dagrun for my_dag to None, run_after=None
[2025-04-17T02:21:45.917+0000] {processor.py:183} INFO - Processing /opt/airflow/dags/mydag.py took 0.444 seconds
[2025-04-17T02:22:16.781+0000] {processor.py:161} INFO - Started process (PID=872) to work on /opt/airflow/dags/mydag.py
[2025-04-17T02:22:16.782+0000] {processor.py:830} INFO - Processing file /opt/airflow/dags/mydag.py for tasks to queue
[2025-04-17T02:22:16.783+0000] {logging_mixin.py:188} INFO - [2025-04-17T02:22:16.783+0000] {dagbag.py:545} INFO - Filling up the DagBag from /opt/airflow/dags/mydag.py
[2025-04-17T02:22:17.246+0000] {processor.py:840} INFO - DAG(s) 'my_dag' retrieved from /opt/airflow/dags/mydag.py
[2025-04-17T02:22:17.270+0000] {logging_mixin.py:188} INFO - [2025-04-17T02:22:17.269+0000] {dag.py:3096} INFO - Sync 1 DAGs
[2025-04-17T02:22:17.278+0000] {logging_mixin.py:188} INFO - [2025-04-17T02:22:17.278+0000] {dag.py:3954} INFO - Setting next_dagrun for my_dag to None, run_after=None
[2025-04-17T02:22:17.290+0000] {processor.py:183} INFO - Processing /opt/airflow/dags/mydag.py took 0.515 seconds
[2025-04-17T02:22:48.100+0000] {processor.py:161} INFO - Started process (PID=893) to work on /opt/airflow/dags/mydag.py
[2025-04-17T02:22:48.101+0000] {processor.py:830} INFO - Processing file /opt/airflow/dags/mydag.py for tasks to queue
[2025-04-17T02:22:48.102+0000] {logging_mixin.py:188} INFO - [2025-04-17T02:22:48.102+0000] {dagbag.py:545} INFO - Filling up the DagBag from /opt/airflow/dags/mydag.py
[2025-04-17T02:22:48.508+0000] {processor.py:840} INFO - DAG(s) 'my_dag' retrieved from /opt/airflow/dags/mydag.py
[2025-04-17T02:22:48.524+0000] {logging_mixin.py:188} INFO - [2025-04-17T02:22:48.524+0000] {dag.py:3096} INFO - Sync 1 DAGs
[2025-04-17T02:22:48.531+0000] {logging_mixin.py:188} INFO - [2025-04-17T02:22:48.531+0000] {dag.py:3954} INFO - Setting next_dagrun for my_dag to None, run_after=None
[2025-04-17T02:22:48.542+0000] {processor.py:183} INFO - Processing /opt/airflow/dags/mydag.py took 0.447 seconds
[2025-04-17T02:23:19.387+0000] {processor.py:161} INFO - Started process (PID=914) to work on /opt/airflow/dags/mydag.py
[2025-04-17T02:23:19.387+0000] {processor.py:830} INFO - Processing file /opt/airflow/dags/mydag.py for tasks to queue
[2025-04-17T02:23:19.389+0000] {logging_mixin.py:188} INFO - [2025-04-17T02:23:19.389+0000] {dagbag.py:545} INFO - Filling up the DagBag from /opt/airflow/dags/mydag.py
[2025-04-17T02:23:19.794+0000] {processor.py:840} INFO - DAG(s) 'my_dag' retrieved from /opt/airflow/dags/mydag.py
[2025-04-17T02:23:19.810+0000] {logging_mixin.py:188} INFO - [2025-04-17T02:23:19.809+0000] {dag.py:3096} INFO - Sync 1 DAGs
[2025-04-17T02:23:19.817+0000] {logging_mixin.py:188} INFO - [2025-04-17T02:23:19.817+0000] {dag.py:3954} INFO - Setting next_dagrun for my_dag to None, run_after=None
[2025-04-17T02:23:19.829+0000] {processor.py:183} INFO - Processing /opt/airflow/dags/mydag.py took 0.447 seconds
[2025-04-17T02:23:50.663+0000] {processor.py:161} INFO - Started process (PID=935) to work on /opt/airflow/dags/mydag.py
[2025-04-17T02:23:50.664+0000] {processor.py:830} INFO - Processing file /opt/airflow/dags/mydag.py for tasks to queue
[2025-04-17T02:23:50.665+0000] {logging_mixin.py:188} INFO - [2025-04-17T02:23:50.665+0000] {dagbag.py:545} INFO - Filling up the DagBag from /opt/airflow/dags/mydag.py
[2025-04-17T02:23:51.108+0000] {processor.py:840} INFO - DAG(s) 'my_dag' retrieved from /opt/airflow/dags/mydag.py
[2025-04-17T02:23:51.130+0000] {logging_mixin.py:188} INFO - [2025-04-17T02:23:51.130+0000] {dag.py:3096} INFO - Sync 1 DAGs
[2025-04-17T02:23:51.142+0000] {logging_mixin.py:188} INFO - [2025-04-17T02:23:51.141+0000] {dag.py:3954} INFO - Setting next_dagrun for my_dag to None, run_after=None
[2025-04-17T02:23:51.158+0000] {processor.py:183} INFO - Processing /opt/airflow/dags/mydag.py took 0.500 seconds
[2025-04-17T02:24:21.932+0000] {processor.py:161} INFO - Started process (PID=956) to work on /opt/airflow/dags/mydag.py
[2025-04-17T02:24:21.932+0000] {processor.py:830} INFO - Processing file /opt/airflow/dags/mydag.py for tasks to queue
[2025-04-17T02:24:21.934+0000] {logging_mixin.py:188} INFO - [2025-04-17T02:24:21.934+0000] {dagbag.py:545} INFO - Filling up the DagBag from /opt/airflow/dags/mydag.py
[2025-04-17T02:24:22.338+0000] {processor.py:840} INFO - DAG(s) 'my_dag' retrieved from /opt/airflow/dags/mydag.py
[2025-04-17T02:24:22.361+0000] {logging_mixin.py:188} INFO - [2025-04-17T02:24:22.360+0000] {dag.py:3096} INFO - Sync 1 DAGs
[2025-04-17T02:24:22.375+0000] {logging_mixin.py:188} INFO - [2025-04-17T02:24:22.374+0000] {dag.py:3954} INFO - Setting next_dagrun for my_dag to None, run_after=None
[2025-04-17T02:24:22.386+0000] {processor.py:183} INFO - Processing /opt/airflow/dags/mydag.py took 0.459 seconds
[2025-04-17T02:24:53.200+0000] {processor.py:161} INFO - Started process (PID=977) to work on /opt/airflow/dags/mydag.py
[2025-04-17T02:24:53.201+0000] {processor.py:830} INFO - Processing file /opt/airflow/dags/mydag.py for tasks to queue
[2025-04-17T02:24:53.202+0000] {logging_mixin.py:188} INFO - [2025-04-17T02:24:53.202+0000] {dagbag.py:545} INFO - Filling up the DagBag from /opt/airflow/dags/mydag.py
[2025-04-17T02:24:53.594+0000] {processor.py:840} INFO - DAG(s) 'my_dag' retrieved from /opt/airflow/dags/mydag.py
[2025-04-17T02:24:53.610+0000] {logging_mixin.py:188} INFO - [2025-04-17T02:24:53.609+0000] {dag.py:3096} INFO - Sync 1 DAGs
[2025-04-17T02:24:53.617+0000] {logging_mixin.py:188} INFO - [2025-04-17T02:24:53.617+0000] {dag.py:3954} INFO - Setting next_dagrun for my_dag to None, run_after=None
[2025-04-17T02:24:53.628+0000] {processor.py:183} INFO - Processing /opt/airflow/dags/mydag.py took 0.433 seconds
[2025-04-17T02:25:24.498+0000] {processor.py:161} INFO - Started process (PID=998) to work on /opt/airflow/dags/mydag.py
[2025-04-17T02:25:24.499+0000] {processor.py:830} INFO - Processing file /opt/airflow/dags/mydag.py for tasks to queue
[2025-04-17T02:25:24.500+0000] {logging_mixin.py:188} INFO - [2025-04-17T02:25:24.500+0000] {dagbag.py:545} INFO - Filling up the DagBag from /opt/airflow/dags/mydag.py
[2025-04-17T02:25:24.905+0000] {processor.py:840} INFO - DAG(s) 'my_dag' retrieved from /opt/airflow/dags/mydag.py
[2025-04-17T02:25:24.921+0000] {logging_mixin.py:188} INFO - [2025-04-17T02:25:24.920+0000] {dag.py:3096} INFO - Sync 1 DAGs
[2025-04-17T02:25:24.928+0000] {logging_mixin.py:188} INFO - [2025-04-17T02:25:24.928+0000] {dag.py:3954} INFO - Setting next_dagrun for my_dag to None, run_after=None
[2025-04-17T02:25:24.939+0000] {processor.py:183} INFO - Processing /opt/airflow/dags/mydag.py took 0.446 seconds
[2025-04-17T02:25:55.769+0000] {processor.py:161} INFO - Started process (PID=1019) to work on /opt/airflow/dags/mydag.py
[2025-04-17T02:25:55.770+0000] {processor.py:830} INFO - Processing file /opt/airflow/dags/mydag.py for tasks to queue
[2025-04-17T02:25:55.772+0000] {logging_mixin.py:188} INFO - [2025-04-17T02:25:55.772+0000] {dagbag.py:545} INFO - Filling up the DagBag from /opt/airflow/dags/mydag.py
[2025-04-17T02:25:56.168+0000] {processor.py:840} INFO - DAG(s) 'my_dag' retrieved from /opt/airflow/dags/mydag.py
[2025-04-17T02:25:56.187+0000] {logging_mixin.py:188} INFO - [2025-04-17T02:25:56.186+0000] {dag.py:3096} INFO - Sync 1 DAGs
[2025-04-17T02:25:56.198+0000] {logging_mixin.py:188} INFO - [2025-04-17T02:25:56.198+0000] {dag.py:3954} INFO - Setting next_dagrun for my_dag to None, run_after=None
[2025-04-17T02:25:56.214+0000] {processor.py:183} INFO - Processing /opt/airflow/dags/mydag.py took 0.450 seconds
[2025-04-17T02:26:27.048+0000] {processor.py:161} INFO - Started process (PID=1040) to work on /opt/airflow/dags/mydag.py
[2025-04-17T02:26:27.049+0000] {processor.py:830} INFO - Processing file /opt/airflow/dags/mydag.py for tasks to queue
[2025-04-17T02:26:27.050+0000] {logging_mixin.py:188} INFO - [2025-04-17T02:26:27.050+0000] {dagbag.py:545} INFO - Filling up the DagBag from /opt/airflow/dags/mydag.py
[2025-04-17T02:26:27.442+0000] {processor.py:840} INFO - DAG(s) 'my_dag' retrieved from /opt/airflow/dags/mydag.py
[2025-04-17T02:26:27.457+0000] {logging_mixin.py:188} INFO - [2025-04-17T02:26:27.457+0000] {dag.py:3096} INFO - Sync 1 DAGs
[2025-04-17T02:26:27.465+0000] {logging_mixin.py:188} INFO - [2025-04-17T02:26:27.464+0000] {dag.py:3954} INFO - Setting next_dagrun for my_dag to None, run_after=None
[2025-04-17T02:26:27.476+0000] {processor.py:183} INFO - Processing /opt/airflow/dags/mydag.py took 0.432 seconds
[2025-04-17T02:26:58.314+0000] {processor.py:161} INFO - Started process (PID=1061) to work on /opt/airflow/dags/mydag.py
[2025-04-17T02:26:58.314+0000] {processor.py:830} INFO - Processing file /opt/airflow/dags/mydag.py for tasks to queue
[2025-04-17T02:26:58.316+0000] {logging_mixin.py:188} INFO - [2025-04-17T02:26:58.316+0000] {dagbag.py:545} INFO - Filling up the DagBag from /opt/airflow/dags/mydag.py
[2025-04-17T02:26:58.749+0000] {processor.py:840} INFO - DAG(s) 'my_dag' retrieved from /opt/airflow/dags/mydag.py
[2025-04-17T02:26:58.765+0000] {logging_mixin.py:188} INFO - [2025-04-17T02:26:58.765+0000] {dag.py:3096} INFO - Sync 1 DAGs
[2025-04-17T02:26:58.774+0000] {logging_mixin.py:188} INFO - [2025-04-17T02:26:58.774+0000] {dag.py:3954} INFO - Setting next_dagrun for my_dag to None, run_after=None
[2025-04-17T02:26:58.785+0000] {processor.py:183} INFO - Processing /opt/airflow/dags/mydag.py took 0.477 seconds
[2025-04-17T02:27:29.584+0000] {processor.py:161} INFO - Started process (PID=1082) to work on /opt/airflow/dags/mydag.py
[2025-04-17T02:27:29.585+0000] {processor.py:830} INFO - Processing file /opt/airflow/dags/mydag.py for tasks to queue
[2025-04-17T02:27:29.586+0000] {logging_mixin.py:188} INFO - [2025-04-17T02:27:29.586+0000] {dagbag.py:545} INFO - Filling up the DagBag from /opt/airflow/dags/mydag.py
[2025-04-17T02:27:29.981+0000] {processor.py:840} INFO - DAG(s) 'my_dag' retrieved from /opt/airflow/dags/mydag.py
[2025-04-17T02:27:29.998+0000] {logging_mixin.py:188} INFO - [2025-04-17T02:27:29.998+0000] {dag.py:3096} INFO - Sync 1 DAGs
[2025-04-17T02:27:30.009+0000] {logging_mixin.py:188} INFO - [2025-04-17T02:27:30.009+0000] {dag.py:3954} INFO - Setting next_dagrun for my_dag to None, run_after=None
[2025-04-17T02:27:30.028+0000] {processor.py:183} INFO - Processing /opt/airflow/dags/mydag.py took 0.449 seconds
[2025-04-17T02:28:00.846+0000] {processor.py:161} INFO - Started process (PID=1103) to work on /opt/airflow/dags/mydag.py
[2025-04-17T02:28:00.847+0000] {processor.py:830} INFO - Processing file /opt/airflow/dags/mydag.py for tasks to queue
[2025-04-17T02:28:00.848+0000] {logging_mixin.py:188} INFO - [2025-04-17T02:28:00.848+0000] {dagbag.py:545} INFO - Filling up the DagBag from /opt/airflow/dags/mydag.py
[2025-04-17T02:28:01.275+0000] {processor.py:840} INFO - DAG(s) 'my_dag' retrieved from /opt/airflow/dags/mydag.py
[2025-04-17T02:28:01.292+0000] {logging_mixin.py:188} INFO - [2025-04-17T02:28:01.291+0000] {dag.py:3096} INFO - Sync 1 DAGs
[2025-04-17T02:28:01.299+0000] {logging_mixin.py:188} INFO - [2025-04-17T02:28:01.299+0000] {dag.py:3954} INFO - Setting next_dagrun for my_dag to None, run_after=None
[2025-04-17T02:28:01.310+0000] {processor.py:183} INFO - Processing /opt/airflow/dags/mydag.py took 0.469 seconds
[2025-04-17T02:28:32.113+0000] {processor.py:161} INFO - Started process (PID=1124) to work on /opt/airflow/dags/mydag.py
[2025-04-17T02:28:32.114+0000] {processor.py:830} INFO - Processing file /opt/airflow/dags/mydag.py for tasks to queue
[2025-04-17T02:28:32.115+0000] {logging_mixin.py:188} INFO - [2025-04-17T02:28:32.115+0000] {dagbag.py:545} INFO - Filling up the DagBag from /opt/airflow/dags/mydag.py
[2025-04-17T02:28:32.586+0000] {processor.py:840} INFO - DAG(s) 'my_dag' retrieved from /opt/airflow/dags/mydag.py
[2025-04-17T02:28:32.601+0000] {logging_mixin.py:188} INFO - [2025-04-17T02:28:32.601+0000] {dag.py:3096} INFO - Sync 1 DAGs
[2025-04-17T02:28:32.609+0000] {logging_mixin.py:188} INFO - [2025-04-17T02:28:32.609+0000] {dag.py:3954} INFO - Setting next_dagrun for my_dag to None, run_after=None
[2025-04-17T02:28:32.620+0000] {processor.py:183} INFO - Processing /opt/airflow/dags/mydag.py took 0.514 seconds
[2025-04-17T02:29:03.392+0000] {processor.py:161} INFO - Started process (PID=1145) to work on /opt/airflow/dags/mydag.py
[2025-04-17T02:29:03.393+0000] {processor.py:830} INFO - Processing file /opt/airflow/dags/mydag.py for tasks to queue
[2025-04-17T02:29:03.394+0000] {logging_mixin.py:188} INFO - [2025-04-17T02:29:03.394+0000] {dagbag.py:545} INFO - Filling up the DagBag from /opt/airflow/dags/mydag.py
[2025-04-17T02:29:03.794+0000] {processor.py:840} INFO - DAG(s) 'my_dag' retrieved from /opt/airflow/dags/mydag.py
[2025-04-17T02:29:03.815+0000] {logging_mixin.py:188} INFO - [2025-04-17T02:29:03.814+0000] {dag.py:3096} INFO - Sync 1 DAGs
[2025-04-17T02:29:03.827+0000] {logging_mixin.py:188} INFO - [2025-04-17T02:29:03.827+0000] {dag.py:3954} INFO - Setting next_dagrun for my_dag to None, run_after=None
[2025-04-17T02:29:03.842+0000] {processor.py:183} INFO - Processing /opt/airflow/dags/mydag.py took 0.455 seconds
[2025-04-17T02:29:34.668+0000] {processor.py:161} INFO - Started process (PID=1166) to work on /opt/airflow/dags/mydag.py
[2025-04-17T02:29:34.669+0000] {processor.py:830} INFO - Processing file /opt/airflow/dags/mydag.py for tasks to queue
[2025-04-17T02:29:34.670+0000] {logging_mixin.py:188} INFO - [2025-04-17T02:29:34.670+0000] {dagbag.py:545} INFO - Filling up the DagBag from /opt/airflow/dags/mydag.py
[2025-04-17T02:29:35.064+0000] {processor.py:840} INFO - DAG(s) 'my_dag' retrieved from /opt/airflow/dags/mydag.py
[2025-04-17T02:29:35.080+0000] {logging_mixin.py:188} INFO - [2025-04-17T02:29:35.079+0000] {dag.py:3096} INFO - Sync 1 DAGs
[2025-04-17T02:29:35.087+0000] {logging_mixin.py:188} INFO - [2025-04-17T02:29:35.087+0000] {dag.py:3954} INFO - Setting next_dagrun for my_dag to None, run_after=None
[2025-04-17T02:29:35.098+0000] {processor.py:183} INFO - Processing /opt/airflow/dags/mydag.py took 0.436 seconds
[2025-04-17T02:30:05.932+0000] {processor.py:161} INFO - Started process (PID=1187) to work on /opt/airflow/dags/mydag.py
[2025-04-17T02:30:05.933+0000] {processor.py:830} INFO - Processing file /opt/airflow/dags/mydag.py for tasks to queue
[2025-04-17T02:30:05.935+0000] {logging_mixin.py:188} INFO - [2025-04-17T02:30:05.934+0000] {dagbag.py:545} INFO - Filling up the DagBag from /opt/airflow/dags/mydag.py
[2025-04-17T02:30:06.356+0000] {processor.py:840} INFO - DAG(s) 'my_dag' retrieved from /opt/airflow/dags/mydag.py
[2025-04-17T02:30:06.371+0000] {logging_mixin.py:188} INFO - [2025-04-17T02:30:06.371+0000] {dag.py:3096} INFO - Sync 1 DAGs
[2025-04-17T02:30:06.380+0000] {logging_mixin.py:188} INFO - [2025-04-17T02:30:06.380+0000] {dag.py:3954} INFO - Setting next_dagrun for my_dag to None, run_after=None
[2025-04-17T02:30:06.392+0000] {processor.py:183} INFO - Processing /opt/airflow/dags/mydag.py took 0.464 seconds
[2025-04-17T02:30:37.201+0000] {processor.py:161} INFO - Started process (PID=1208) to work on /opt/airflow/dags/mydag.py
[2025-04-17T02:30:37.201+0000] {processor.py:830} INFO - Processing file /opt/airflow/dags/mydag.py for tasks to queue
[2025-04-17T02:30:37.203+0000] {logging_mixin.py:188} INFO - [2025-04-17T02:30:37.202+0000] {dagbag.py:545} INFO - Filling up the DagBag from /opt/airflow/dags/mydag.py
[2025-04-17T02:30:37.594+0000] {processor.py:840} INFO - DAG(s) 'my_dag' retrieved from /opt/airflow/dags/mydag.py
[2025-04-17T02:30:37.609+0000] {logging_mixin.py:188} INFO - [2025-04-17T02:30:37.609+0000] {dag.py:3096} INFO - Sync 1 DAGs
[2025-04-17T02:30:37.617+0000] {logging_mixin.py:188} INFO - [2025-04-17T02:30:37.617+0000] {dag.py:3954} INFO - Setting next_dagrun for my_dag to None, run_after=None
[2025-04-17T02:30:37.628+0000] {processor.py:183} INFO - Processing /opt/airflow/dags/mydag.py took 0.433 seconds
[2025-04-17T02:31:08.480+0000] {processor.py:161} INFO - Started process (PID=1229) to work on /opt/airflow/dags/mydag.py
[2025-04-17T02:31:08.481+0000] {processor.py:830} INFO - Processing file /opt/airflow/dags/mydag.py for tasks to queue
[2025-04-17T02:31:08.482+0000] {logging_mixin.py:188} INFO - [2025-04-17T02:31:08.482+0000] {dagbag.py:545} INFO - Filling up the DagBag from /opt/airflow/dags/mydag.py
[2025-04-17T02:31:08.903+0000] {processor.py:840} INFO - DAG(s) 'my_dag' retrieved from /opt/airflow/dags/mydag.py
[2025-04-17T02:31:08.920+0000] {logging_mixin.py:188} INFO - [2025-04-17T02:31:08.919+0000] {dag.py:3096} INFO - Sync 1 DAGs
[2025-04-17T02:31:08.927+0000] {logging_mixin.py:188} INFO - [2025-04-17T02:31:08.927+0000] {dag.py:3954} INFO - Setting next_dagrun for my_dag to None, run_after=None
[2025-04-17T02:31:08.939+0000] {processor.py:183} INFO - Processing /opt/airflow/dags/mydag.py took 0.464 seconds
[2025-04-17T02:31:39.779+0000] {processor.py:161} INFO - Started process (PID=1250) to work on /opt/airflow/dags/mydag.py
[2025-04-17T02:31:39.779+0000] {processor.py:830} INFO - Processing file /opt/airflow/dags/mydag.py for tasks to queue
[2025-04-17T02:31:39.781+0000] {logging_mixin.py:188} INFO - [2025-04-17T02:31:39.781+0000] {dagbag.py:545} INFO - Filling up the DagBag from /opt/airflow/dags/mydag.py
[2025-04-17T02:31:40.215+0000] {processor.py:840} INFO - DAG(s) 'my_dag' retrieved from /opt/airflow/dags/mydag.py
[2025-04-17T02:31:40.232+0000] {logging_mixin.py:188} INFO - [2025-04-17T02:31:40.231+0000] {dag.py:3096} INFO - Sync 1 DAGs
[2025-04-17T02:31:40.239+0000] {logging_mixin.py:188} INFO - [2025-04-17T02:31:40.239+0000] {dag.py:3954} INFO - Setting next_dagrun for my_dag to None, run_after=None
[2025-04-17T02:31:40.250+0000] {processor.py:183} INFO - Processing /opt/airflow/dags/mydag.py took 0.477 seconds
[2025-04-17T02:32:11.050+0000] {processor.py:161} INFO - Started process (PID=1271) to work on /opt/airflow/dags/mydag.py
[2025-04-17T02:32:11.051+0000] {processor.py:830} INFO - Processing file /opt/airflow/dags/mydag.py for tasks to queue
[2025-04-17T02:32:11.053+0000] {logging_mixin.py:188} INFO - [2025-04-17T02:32:11.052+0000] {dagbag.py:545} INFO - Filling up the DagBag from /opt/airflow/dags/mydag.py
[2025-04-17T02:32:11.453+0000] {processor.py:840} INFO - DAG(s) 'my_dag' retrieved from /opt/airflow/dags/mydag.py
[2025-04-17T02:32:11.469+0000] {logging_mixin.py:188} INFO - [2025-04-17T02:32:11.468+0000] {dag.py:3096} INFO - Sync 1 DAGs
[2025-04-17T02:32:11.476+0000] {logging_mixin.py:188} INFO - [2025-04-17T02:32:11.476+0000] {dag.py:3954} INFO - Setting next_dagrun for my_dag to None, run_after=None
[2025-04-17T02:32:11.488+0000] {processor.py:183} INFO - Processing /opt/airflow/dags/mydag.py took 0.443 seconds
[2025-04-17T02:32:42.373+0000] {processor.py:161} INFO - Started process (PID=1292) to work on /opt/airflow/dags/mydag.py
[2025-04-17T02:32:42.374+0000] {processor.py:830} INFO - Processing file /opt/airflow/dags/mydag.py for tasks to queue
[2025-04-17T02:32:42.376+0000] {logging_mixin.py:188} INFO - [2025-04-17T02:32:42.375+0000] {dagbag.py:545} INFO - Filling up the DagBag from /opt/airflow/dags/mydag.py
[2025-04-17T02:32:42.792+0000] {processor.py:840} INFO - DAG(s) 'my_dag' retrieved from /opt/airflow/dags/mydag.py
[2025-04-17T02:32:42.808+0000] {logging_mixin.py:188} INFO - [2025-04-17T02:32:42.807+0000] {dag.py:3096} INFO - Sync 1 DAGs
[2025-04-17T02:32:42.816+0000] {logging_mixin.py:188} INFO - [2025-04-17T02:32:42.815+0000] {dag.py:3954} INFO - Setting next_dagrun for my_dag to None, run_after=None
[2025-04-17T02:32:42.828+0000] {processor.py:183} INFO - Processing /opt/airflow/dags/mydag.py took 0.462 seconds
[2025-04-17T02:33:13.700+0000] {processor.py:161} INFO - Started process (PID=1313) to work on /opt/airflow/dags/mydag.py
[2025-04-17T02:33:13.701+0000] {processor.py:830} INFO - Processing file /opt/airflow/dags/mydag.py for tasks to queue
[2025-04-17T02:33:13.702+0000] {logging_mixin.py:188} INFO - [2025-04-17T02:33:13.702+0000] {dagbag.py:545} INFO - Filling up the DagBag from /opt/airflow/dags/mydag.py
[2025-04-17T02:33:14.102+0000] {processor.py:840} INFO - DAG(s) 'my_dag' retrieved from /opt/airflow/dags/mydag.py
[2025-04-17T02:33:14.117+0000] {logging_mixin.py:188} INFO - [2025-04-17T02:33:14.117+0000] {dag.py:3096} INFO - Sync 1 DAGs
[2025-04-17T02:33:14.126+0000] {logging_mixin.py:188} INFO - [2025-04-17T02:33:14.125+0000] {dag.py:3954} INFO - Setting next_dagrun for my_dag to None, run_after=None
[2025-04-17T02:33:14.137+0000] {processor.py:183} INFO - Processing /opt/airflow/dags/mydag.py took 0.441 seconds
[2025-04-17T02:33:44.951+0000] {processor.py:161} INFO - Started process (PID=1334) to work on /opt/airflow/dags/mydag.py
[2025-04-17T02:33:44.952+0000] {processor.py:830} INFO - Processing file /opt/airflow/dags/mydag.py for tasks to queue
[2025-04-17T02:33:44.953+0000] {logging_mixin.py:188} INFO - [2025-04-17T02:33:44.953+0000] {dagbag.py:545} INFO - Filling up the DagBag from /opt/airflow/dags/mydag.py
[2025-04-17T02:33:45.416+0000] {processor.py:840} INFO - DAG(s) 'my_dag' retrieved from /opt/airflow/dags/mydag.py
[2025-04-17T02:33:45.436+0000] {logging_mixin.py:188} INFO - [2025-04-17T02:33:45.436+0000] {dag.py:3096} INFO - Sync 1 DAGs
[2025-04-17T02:33:45.444+0000] {logging_mixin.py:188} INFO - [2025-04-17T02:33:45.444+0000] {dag.py:3954} INFO - Setting next_dagrun for my_dag to None, run_after=None
[2025-04-17T02:33:45.455+0000] {processor.py:183} INFO - Processing /opt/airflow/dags/mydag.py took 0.509 seconds
[2025-04-17T02:34:16.263+0000] {processor.py:161} INFO - Started process (PID=1355) to work on /opt/airflow/dags/mydag.py
[2025-04-17T02:34:16.264+0000] {processor.py:830} INFO - Processing file /opt/airflow/dags/mydag.py for tasks to queue
[2025-04-17T02:34:16.266+0000] {logging_mixin.py:188} INFO - [2025-04-17T02:34:16.265+0000] {dagbag.py:545} INFO - Filling up the DagBag from /opt/airflow/dags/mydag.py
[2025-04-17T02:34:16.651+0000] {processor.py:840} INFO - DAG(s) 'my_dag' retrieved from /opt/airflow/dags/mydag.py
[2025-04-17T02:34:16.668+0000] {logging_mixin.py:188} INFO - [2025-04-17T02:34:16.667+0000] {dag.py:3096} INFO - Sync 1 DAGs
[2025-04-17T02:34:16.675+0000] {logging_mixin.py:188} INFO - [2025-04-17T02:34:16.675+0000] {dag.py:3954} INFO - Setting next_dagrun for my_dag to None, run_after=None
[2025-04-17T02:34:16.687+0000] {processor.py:183} INFO - Processing /opt/airflow/dags/mydag.py took 0.429 seconds
[2025-04-17T02:34:47.575+0000] {processor.py:161} INFO - Started process (PID=1376) to work on /opt/airflow/dags/mydag.py
[2025-04-17T02:34:47.576+0000] {processor.py:830} INFO - Processing file /opt/airflow/dags/mydag.py for tasks to queue
[2025-04-17T02:34:47.577+0000] {logging_mixin.py:188} INFO - [2025-04-17T02:34:47.577+0000] {dagbag.py:545} INFO - Filling up the DagBag from /opt/airflow/dags/mydag.py
[2025-04-17T02:34:47.989+0000] {processor.py:840} INFO - DAG(s) 'my_dag' retrieved from /opt/airflow/dags/mydag.py
[2025-04-17T02:34:48.005+0000] {logging_mixin.py:188} INFO - [2025-04-17T02:34:48.004+0000] {dag.py:3096} INFO - Sync 1 DAGs
[2025-04-17T02:34:48.012+0000] {logging_mixin.py:188} INFO - [2025-04-17T02:34:48.012+0000] {dag.py:3954} INFO - Setting next_dagrun for my_dag to None, run_after=None
[2025-04-17T02:34:48.024+0000] {processor.py:183} INFO - Processing /opt/airflow/dags/mydag.py took 0.454 seconds
[2025-04-17T02:35:18.854+0000] {processor.py:161} INFO - Started process (PID=1397) to work on /opt/airflow/dags/mydag.py
[2025-04-17T02:35:18.855+0000] {processor.py:830} INFO - Processing file /opt/airflow/dags/mydag.py for tasks to queue
[2025-04-17T02:35:18.856+0000] {logging_mixin.py:188} INFO - [2025-04-17T02:35:18.856+0000] {dagbag.py:545} INFO - Filling up the DagBag from /opt/airflow/dags/mydag.py
[2025-04-17T02:35:19.260+0000] {processor.py:840} INFO - DAG(s) 'my_dag' retrieved from /opt/airflow/dags/mydag.py
[2025-04-17T02:35:19.281+0000] {logging_mixin.py:188} INFO - [2025-04-17T02:35:19.280+0000] {dag.py:3096} INFO - Sync 1 DAGs
[2025-04-17T02:35:19.289+0000] {logging_mixin.py:188} INFO - [2025-04-17T02:35:19.288+0000] {dag.py:3954} INFO - Setting next_dagrun for my_dag to None, run_after=None
[2025-04-17T02:35:19.301+0000] {processor.py:183} INFO - Processing /opt/airflow/dags/mydag.py took 0.452 seconds
[2025-04-17T02:35:50.130+0000] {processor.py:161} INFO - Started process (PID=1418) to work on /opt/airflow/dags/mydag.py
[2025-04-17T02:35:50.131+0000] {processor.py:830} INFO - Processing file /opt/airflow/dags/mydag.py for tasks to queue
[2025-04-17T02:35:50.132+0000] {logging_mixin.py:188} INFO - [2025-04-17T02:35:50.132+0000] {dagbag.py:545} INFO - Filling up the DagBag from /opt/airflow/dags/mydag.py
[2025-04-17T02:35:50.540+0000] {processor.py:840} INFO - DAG(s) 'my_dag' retrieved from /opt/airflow/dags/mydag.py
[2025-04-17T02:35:50.556+0000] {logging_mixin.py:188} INFO - [2025-04-17T02:35:50.555+0000] {dag.py:3096} INFO - Sync 1 DAGs
[2025-04-17T02:35:50.563+0000] {logging_mixin.py:188} INFO - [2025-04-17T02:35:50.563+0000] {dag.py:3954} INFO - Setting next_dagrun for my_dag to None, run_after=None
[2025-04-17T02:35:50.575+0000] {processor.py:183} INFO - Processing /opt/airflow/dags/mydag.py took 0.450 seconds
[2025-04-17T02:36:21.416+0000] {processor.py:161} INFO - Started process (PID=1442) to work on /opt/airflow/dags/mydag.py
[2025-04-17T02:36:21.417+0000] {processor.py:830} INFO - Processing file /opt/airflow/dags/mydag.py for tasks to queue
[2025-04-17T02:36:21.419+0000] {logging_mixin.py:188} INFO - [2025-04-17T02:36:21.418+0000] {dagbag.py:545} INFO - Filling up the DagBag from /opt/airflow/dags/mydag.py
[2025-04-17T02:36:21.950+0000] {processor.py:840} INFO - DAG(s) 'my_dag' retrieved from /opt/airflow/dags/mydag.py
[2025-04-17T02:36:21.966+0000] {logging_mixin.py:188} INFO - [2025-04-17T02:36:21.966+0000] {dag.py:3096} INFO - Sync 1 DAGs
[2025-04-17T02:36:21.974+0000] {logging_mixin.py:188} INFO - [2025-04-17T02:36:21.973+0000] {dag.py:3954} INFO - Setting next_dagrun for my_dag to None, run_after=None
[2025-04-17T02:36:21.985+0000] {processor.py:183} INFO - Processing /opt/airflow/dags/mydag.py took 0.576 seconds
[2025-04-17T02:36:52.931+0000] {processor.py:161} INFO - Started process (PID=1475) to work on /opt/airflow/dags/mydag.py
[2025-04-17T02:36:52.932+0000] {processor.py:830} INFO - Processing file /opt/airflow/dags/mydag.py for tasks to queue
[2025-04-17T02:36:52.933+0000] {logging_mixin.py:188} INFO - [2025-04-17T02:36:52.933+0000] {dagbag.py:545} INFO - Filling up the DagBag from /opt/airflow/dags/mydag.py
[2025-04-17T02:36:53.360+0000] {processor.py:840} INFO - DAG(s) 'my_dag' retrieved from /opt/airflow/dags/mydag.py
[2025-04-17T02:36:53.376+0000] {logging_mixin.py:188} INFO - [2025-04-17T02:36:53.375+0000] {dag.py:3096} INFO - Sync 1 DAGs
[2025-04-17T02:36:53.383+0000] {logging_mixin.py:188} INFO - [2025-04-17T02:36:53.383+0000] {dag.py:3954} INFO - Setting next_dagrun for my_dag to None, run_after=None
[2025-04-17T02:36:53.394+0000] {processor.py:183} INFO - Processing /opt/airflow/dags/mydag.py took 0.469 seconds
[2025-04-17T02:37:24.223+0000] {processor.py:161} INFO - Started process (PID=1496) to work on /opt/airflow/dags/mydag.py
[2025-04-17T02:37:24.224+0000] {processor.py:830} INFO - Processing file /opt/airflow/dags/mydag.py for tasks to queue
[2025-04-17T02:37:24.226+0000] {logging_mixin.py:188} INFO - [2025-04-17T02:37:24.225+0000] {dagbag.py:545} INFO - Filling up the DagBag from /opt/airflow/dags/mydag.py
[2025-04-17T02:37:24.623+0000] {processor.py:840} INFO - DAG(s) 'my_dag' retrieved from /opt/airflow/dags/mydag.py
[2025-04-17T02:37:24.639+0000] {logging_mixin.py:188} INFO - [2025-04-17T02:37:24.638+0000] {dag.py:3096} INFO - Sync 1 DAGs
[2025-04-17T02:37:24.646+0000] {logging_mixin.py:188} INFO - [2025-04-17T02:37:24.646+0000] {dag.py:3954} INFO - Setting next_dagrun for my_dag to None, run_after=None
[2025-04-17T02:37:24.657+0000] {processor.py:183} INFO - Processing /opt/airflow/dags/mydag.py took 0.439 seconds
[2025-04-17T02:37:55.501+0000] {processor.py:161} INFO - Started process (PID=1517) to work on /opt/airflow/dags/mydag.py
[2025-04-17T02:37:55.502+0000] {processor.py:830} INFO - Processing file /opt/airflow/dags/mydag.py for tasks to queue
[2025-04-17T02:37:55.503+0000] {logging_mixin.py:188} INFO - [2025-04-17T02:37:55.503+0000] {dagbag.py:545} INFO - Filling up the DagBag from /opt/airflow/dags/mydag.py
[2025-04-17T02:37:55.898+0000] {processor.py:840} INFO - DAG(s) 'my_dag' retrieved from /opt/airflow/dags/mydag.py
[2025-04-17T02:37:55.913+0000] {logging_mixin.py:188} INFO - [2025-04-17T02:37:55.912+0000] {dag.py:3096} INFO - Sync 1 DAGs
[2025-04-17T02:37:55.920+0000] {logging_mixin.py:188} INFO - [2025-04-17T02:37:55.920+0000] {dag.py:3954} INFO - Setting next_dagrun for my_dag to None, run_after=None
[2025-04-17T02:37:55.931+0000] {processor.py:183} INFO - Processing /opt/airflow/dags/mydag.py took 0.435 seconds
[2025-04-17T02:38:26.771+0000] {processor.py:161} INFO - Started process (PID=1538) to work on /opt/airflow/dags/mydag.py
[2025-04-17T02:38:26.772+0000] {processor.py:830} INFO - Processing file /opt/airflow/dags/mydag.py for tasks to queue
[2025-04-17T02:38:26.773+0000] {logging_mixin.py:188} INFO - [2025-04-17T02:38:26.773+0000] {dagbag.py:545} INFO - Filling up the DagBag from /opt/airflow/dags/mydag.py
[2025-04-17T02:38:27.220+0000] {processor.py:840} INFO - DAG(s) 'my_dag' retrieved from /opt/airflow/dags/mydag.py
[2025-04-17T02:38:27.235+0000] {logging_mixin.py:188} INFO - [2025-04-17T02:38:27.235+0000] {dag.py:3096} INFO - Sync 1 DAGs
[2025-04-17T02:38:27.243+0000] {logging_mixin.py:188} INFO - [2025-04-17T02:38:27.243+0000] {dag.py:3954} INFO - Setting next_dagrun for my_dag to None, run_after=None
[2025-04-17T02:38:27.254+0000] {processor.py:183} INFO - Processing /opt/airflow/dags/mydag.py took 0.488 seconds
[2025-04-17T02:38:58.050+0000] {processor.py:161} INFO - Started process (PID=1559) to work on /opt/airflow/dags/mydag.py
[2025-04-17T02:38:58.051+0000] {processor.py:830} INFO - Processing file /opt/airflow/dags/mydag.py for tasks to queue
[2025-04-17T02:38:58.053+0000] {logging_mixin.py:188} INFO - [2025-04-17T02:38:58.052+0000] {dagbag.py:545} INFO - Filling up the DagBag from /opt/airflow/dags/mydag.py
[2025-04-17T02:38:58.447+0000] {processor.py:840} INFO - DAG(s) 'my_dag' retrieved from /opt/airflow/dags/mydag.py
[2025-04-17T02:38:58.462+0000] {logging_mixin.py:188} INFO - [2025-04-17T02:38:58.462+0000] {dag.py:3096} INFO - Sync 1 DAGs
[2025-04-17T02:38:58.471+0000] {logging_mixin.py:188} INFO - [2025-04-17T02:38:58.471+0000] {dag.py:3954} INFO - Setting next_dagrun for my_dag to None, run_after=None
[2025-04-17T02:38:58.482+0000] {processor.py:183} INFO - Processing /opt/airflow/dags/mydag.py took 0.437 seconds
